Using pre-set license
Built from '2020.3/release' branch; Version is '2020.3.7f1 (dd97f2c94397) revision 14522354'; Using compiler version '192528614'; Build Type 'Release'
OS: 'Windows 10 Pro; OS build 18363.1556; Version 1909; 64bit' Language: 'es' Physical Memory: 32662 MB
BatchMode: 1, IsHumanControllingUs: 0, StartBugReporterOnCrash: 0, Is64bit: 1, IsPro: 0

 COMMAND LINE ARGUMENTS:
F:\Programas\Unity\Editor\2020.3.7f1\Editor\Unity.exe
-adb2
-batchMode
-noUpm
-name
AssetImportWorker0
-projectPath
E:/Proyectos/Work Work Work/Prime Digitale/Flappy Bird
-logFile
Logs/AssetImportWorker0.log
-srvPort
3508
Successfully changed project path to: E:/Proyectos/Work Work Work/Prime Digitale/Flappy Bird
E:/Proyectos/Work Work Work/Prime Digitale/Flappy Bird
Using Asset Import Pipeline V2.
Refreshing native plugins compatible for Editor in 42.06 ms, found 1 plugins.
Preloading 0 native plugins for Editor in 0.00 ms.
Initialize engine version: 2020.3.7f1 (dd97f2c94397)
[Subsystems] Discovering subsystems at path F:/Programas/Unity/Editor/2020.3.7f1/Editor/Data/Resources/UnitySubsystems
[Subsystems] Discovering subsystems at path E:/Proyectos/Work Work Work/Prime Digitale/Flappy Bird/Assets
GfxDevice: creating device client; threaded=0
Direct3D:
    Version:  Direct3D 11.0 [level 11.1]
    Renderer: NVIDIA GeForce GTX 1080 Ti (ID=0x1b06)
    Vendor:   
    VRAM:     11127 MB
    Driver:   30.0.14.9649
Initialize mono
Mono path[0] = 'F:/Programas/Unity/Editor/2020.3.7f1/Editor/Data/Managed'
Mono path[1] = 'F:/Programas/Unity/Editor/2020.3.7f1/Editor/Data/MonoBleedingEdge/lib/mono/unityjit'
Mono config path = 'F:/Programas/Unity/Editor/2020.3.7f1/Editor/Data/MonoBleedingEdge/etc'
Using monoOptions --debugger-agent=transport=dt_socket,embedding=1,server=y,suspend=n,address=127.0.0.1:56496
Begin MonoManager ReloadAssembly
Registering precompiled unity dll's ...
Register platform support module: F:/Programas/Unity/Editor/2020.3.7f1/Editor/Data/PlaybackEngines/WebGLSupport/UnityEditor.WebGL.Extensions.dll
Register platform support module: F:/Programas/Unity/Editor/2020.3.7f1/Editor/Data/PlaybackEngines/MacStandaloneSupport/UnityEditor.OSXStandalone.Extensions.dll
Register platform support module: F:/Programas/Unity/Editor/2020.3.7f1/Editor/Data/PlaybackEngines/WindowsStandaloneSupport/UnityEditor.WindowsStandalone.Extensions.dll
Register platform support module: F:/Programas/Unity/Editor/2020.3.7f1/Editor/Data/PlaybackEngines/LinuxStandaloneSupport/UnityEditor.LinuxStandalone.Extensions.dll
Register platform support module: F:/Programas/Unity/Editor/2020.3.7f1/Editor/Data/PlaybackEngines/LuminSupport/UnityEditor.Lumin.Extensions.dll
Registered in 0.003438 seconds.
Native extension for Lumin target not found
Native extension for LinuxStandalone target not found
Native extension for WindowsStandalone target not found
Native extension for OSXStandalone target not found
Native extension for WebGL target not found
Refreshing native plugins compatible for Editor in 42.66 ms, found 1 plugins.
Preloading 0 native plugins for Editor in 0.00 ms.
Mono: successfully reloaded assembly
- Completed reload, in  3.860 seconds
Platform modules already initialized, skipping
Registering precompiled user dll's ...
Registered in 0.000996 seconds.
Begin MonoManager ReloadAssembly
Native extension for Lumin target not found
Native extension for LinuxStandalone target not found
Native extension for WindowsStandalone target not found
Native extension for OSXStandalone target not found
Native extension for WebGL target not found
Refreshing native plugins compatible for Editor in 42.75 ms, found 1 plugins.
Preloading 0 native plugins for Editor in 0.00 ms.
Mono: successfully reloaded assembly
- Completed reload, in  1.152 seconds
Platform modules already initialized, skipping
========================================================================
Worker process is ready to serve import requests
Launched and connected shader compiler UnityShaderCompiler.exe after 0.06 seconds
Refreshing native plugins compatible for Editor in 0.40 ms, found 1 plugins.
Preloading 0 native plugins for Editor in 0.00 ms.
Unloading 1843 Unused Serialized files (Serialized files now loaded: 0)
System memory in use before: 87.6 MB.
System memory in use after: 87.6 MB.

Unloading 19 unused Assets to reduce memory usage. Loaded Objects now: 2293.
Total: 2.183300 ms (FindLiveObjects: 0.226700 ms CreateObjectMapping: 0.053700 ms MarkObjects: 1.832500 ms  DeleteObjects: 0.069100 ms)

========================================================================
Received Import Request.
  path: Assets/Scripts/Generador.cs
  artifactKey: Guid(c35d4c53c3d42804e9f4cb8354bae06d) Importer(815301076,1909f56bfc062723c751e8b465ee728b)
Start importing Assets/Scripts/Generador.cs using Guid(c35d4c53c3d42804e9f4cb8354bae06d) Importer(815301076,1909f56bfc062723c751e8b465ee728b)  -> (artifact id: 'f1166819e5bae63e12407a68b02e1e4e') in 0.041555 seconds
  Import took 0.044652 seconds .

========================================================================
Received Prepare
Refreshing native plugins compatible for Editor in 2.42 ms, found 1 plugins.
Preloading 0 native plugins for Editor in 0.00 ms.
Unloading 5 Unused Serialized files (Serialized files now loaded: 0)
System memory in use before: 49.7 MB.
System memory in use after: 49.8 MB.

Unloading 5 unused Assets to reduce memory usage. Loaded Objects now: 2293.
Total: 2.753900 ms (FindLiveObjects: 0.321000 ms CreateObjectMapping: 0.061300 ms MarkObjects: 2.351500 ms  DeleteObjects: 0.018300 ms)

AssetImportWorkerClient::OnTransportError - code=2 error=End of file
